2025-12-13 16:33:01,933 - INFO - Dataset: synthetic_graph_1
2025-12-13 16:33:01,933 - INFO - Loadin nodes...
2025-12-13 16:33:01,937 - INFO - Loadin edges...
2025-12-13 16:33:01,945 - INFO - Normalizing nodes...
2025-12-13 16:33:01,946 - INFO - Normalizing edges...
2025-12-13 16:33:01,946 - INFO - Creating graph...
2025-12-13 16:33:01,950 - INFO - Converting NX graph to GT...
2025-12-13 16:33:02,012 - INFO - Printing raw graph...
2025-12-13 16:33:02,760 - INFO - Community detection...
2025-12-13 16:33:52,703 - INFO - Calculating MCMC...
2025-12-13 16:33:52,703 - INFO - Progress: 0.0 %
2025-12-13 16:34:05,101 - INFO - Progress: 1.0 %
2025-12-13 16:34:16,206 - INFO - Progress: 2.0 %
2025-12-13 16:34:28,158 - INFO - Progress: 3.0 %
2025-12-13 16:34:40,678 - INFO - Progress: 4.0 %
2025-12-13 16:34:52,319 - INFO - Progress: 5.0 %
2025-12-13 16:35:05,325 - INFO - Progress: 6.0 %
2025-12-13 16:35:28,943 - INFO - Progress: 8.0 %
2025-12-13 16:35:40,436 - INFO - Progress: 9.0 %
2025-12-13 16:35:51,882 - INFO - Progress: 10.0 %
2025-12-13 16:36:02,845 - INFO - Progress: 11.0 %
2025-12-13 16:36:15,040 - INFO - Progress: 12.0 %
2025-12-13 16:36:26,034 - INFO - Progress: 13.0 %
2025-12-13 16:36:50,768 - INFO - Progress: 15.0 %
2025-12-13 16:37:01,255 - INFO - Progress: 16.0 %
2025-12-13 16:37:11,599 - INFO - Progress: 17.0 %
2025-12-13 16:37:22,742 - INFO - Progress: 18.0 %
2025-12-13 16:37:33,581 - INFO - Progress: 19.0 %
2025-12-13 16:37:45,185 - INFO - Progress: 20.0 %
2025-12-13 16:37:55,613 - INFO - Progress: 21.0 %
2025-12-13 16:38:07,017 - INFO - Progress: 22.0 %
2025-12-13 16:38:18,706 - INFO - Progress: 23.0 %
2025-12-13 16:38:30,320 - INFO - Progress: 24.0 %
2025-12-13 16:38:40,507 - INFO - Progress: 25.0 %
2025-12-13 16:38:52,452 - INFO - Progress: 26.0 %
2025-12-13 16:39:04,950 - INFO - Progress: 27.0 %
2025-12-13 16:39:38,452 - INFO - Progress: 30.0 %
2025-12-13 16:39:48,196 - INFO - Progress: 31.0 %
2025-12-13 16:39:59,059 - INFO - Progress: 32.0 %
2025-12-13 16:40:10,833 - INFO - Progress: 33.0 %
2025-12-13 16:40:22,653 - INFO - Progress: 34.0 %
2025-12-13 16:40:34,441 - INFO - Progress: 35.0 %
2025-12-13 16:40:45,111 - INFO - Progress: 36.0 %
2025-12-13 16:40:55,605 - INFO - Progress: 37.0 %
2025-12-13 16:41:05,933 - INFO - Progress: 38.0 %
2025-12-13 16:41:17,431 - INFO - Progress: 39.0 %
2025-12-13 16:41:28,319 - INFO - Progress: 40.0 %
2025-12-13 16:41:39,140 - INFO - Progress: 41.0 %
2025-12-13 16:41:51,174 - INFO - Progress: 42.0 %
2025-12-13 16:42:02,131 - INFO - Progress: 43.0 %
2025-12-13 16:42:12,357 - INFO - Progress: 44.0 %
2025-12-13 16:42:24,533 - INFO - Progress: 45.0 %
2025-12-13 16:42:36,128 - INFO - Progress: 46.0 %
2025-12-13 16:42:47,183 - INFO - Progress: 47.0 %
2025-12-13 16:42:58,757 - INFO - Progress: 48.0 %
2025-12-13 16:43:08,839 - INFO - Progress: 49.0 %
2025-12-13 16:43:19,671 - INFO - Progress: 50.0 %
2025-12-13 16:43:31,208 - INFO - Progress: 51.0 %
2025-12-13 16:43:42,147 - INFO - Progress: 52.0 %
2025-12-13 16:43:52,716 - INFO - Progress: 53.0 %
2025-12-13 16:44:04,427 - INFO - Progress: 54.0 %
2025-12-13 16:44:58,593 - INFO - Progress: 59.0 %
2025-12-13 16:45:09,248 - INFO - Progress: 60.0 %
2025-12-13 16:45:19,205 - INFO - Progress: 61.0 %
2025-12-13 16:45:30,306 - INFO - Progress: 62.0 %
2025-12-13 16:45:41,329 - INFO - Progress: 63.0 %
2025-12-13 16:45:51,932 - INFO - Progress: 64.0 %
2025-12-13 16:46:01,142 - INFO - Progress: 65.0 %
2025-12-13 16:46:10,920 - INFO - Progress: 66.0 %
2025-12-13 16:46:21,483 - INFO - Progress: 67.0 %
2025-12-13 16:46:32,569 - INFO - Progress: 68.0 %
2025-12-13 16:46:44,100 - INFO - Progress: 69.0 %
2025-12-13 16:46:55,780 - INFO - Progress: 70.0 %
2025-12-13 16:47:05,954 - INFO - Progress: 71.0 %
2025-12-13 16:47:16,384 - INFO - Progress: 72.0 %
2025-12-13 16:47:27,955 - INFO - Progress: 73.0 %
2025-12-13 16:47:40,681 - INFO - Progress: 74.0 %
2025-12-13 16:47:51,513 - INFO - Progress: 75.0 %
2025-12-13 16:48:04,004 - INFO - Progress: 76.0 %
2025-12-13 16:48:14,890 - INFO - Progress: 77.0 %
2025-12-13 16:48:26,573 - INFO - Progress: 78.0 %
2025-12-13 16:48:36,944 - INFO - Progress: 79.0 %
2025-12-13 16:48:47,862 - INFO - Progress: 80.0 %
2025-12-13 16:48:58,420 - INFO - Progress: 81.0 %
2025-12-13 16:49:09,293 - INFO - Progress: 82.0 %
2025-12-13 16:49:21,973 - INFO - Progress: 83.0 %
2025-12-13 16:49:32,564 - INFO - Progress: 84.0 %
2025-12-13 16:49:42,493 - INFO - Progress: 85.0 %
2025-12-13 16:49:53,707 - INFO - Progress: 86.0 %
2025-12-13 16:50:04,676 - INFO - Progress: 87.0 %
2025-12-13 16:50:15,386 - INFO - Progress: 88.0 %
2025-12-13 16:50:25,497 - INFO - Progress: 89.0 %
2025-12-13 16:50:37,034 - INFO - Progress: 90.0 %
2025-12-13 16:50:47,084 - INFO - Progress: 91.0 %
2025-12-13 16:50:57,699 - INFO - Progress: 92.0 %
2025-12-13 16:51:08,949 - INFO - Progress: 93.0 %
2025-12-13 16:51:19,634 - INFO - Progress: 94.0 %
2025-12-13 16:51:31,237 - INFO - Progress: 95.0 %
2025-12-13 16:51:41,637 - INFO - Progress: 96.0 %
2025-12-13 16:51:53,320 - INFO - Progress: 97.0 %
2025-12-13 16:52:05,352 - INFO - Progress: 98.0 %
2025-12-13 16:52:16,681 - INFO - Progress: 99.0 %
2025-12-13 16:52:28,961 - INFO - Drawing CD results...
2025-12-13 16:52:33,886 - INFO - Computing degree centrality...
2025-12-13 16:52:33,888 - INFO - Computing betweenness centrality...
2025-12-13 16:53:02,036 - INFO - Computing closeness centrality...
2025-12-13 16:53:13,052 - INFO - Computing eigenvector centrality (max_iter=2000)...
2025-12-13 16:53:13,720 - INFO - Computing pagerank....
2025-12-13 16:53:13,729 - INFO - Making dataframe...
2025-12-13 16:53:14,556 - INFO -   1 / 109: ksone
2025-12-13 16:53:14,570 - INFO -   2 / 109: kstwo
2025-12-13 16:53:14,629 - INFO -   3 / 109: kstwobign
2025-12-13 16:53:14,724 - INFO -   4 / 109: norm
2025-12-13 16:53:14,724 - INFO -   5 / 109: alpha
2025-12-13 16:53:14,744 - INFO -   6 / 109: anglit
2025-12-13 16:53:14,755 - INFO -   7 / 109: arcsine
2025-12-13 16:53:14,792 - INFO -   8 / 109: beta
2025-12-13 16:53:14,899 - INFO -   9 / 109: betaprime
2025-12-13 16:53:15,008 - INFO -  10 / 109: bradford
2025-12-13 16:53:15,070 - INFO -  11 / 109: burr
2025-12-13 16:53:15,238 - INFO -  12 / 109: burr12
2025-12-13 16:53:15,337 - INFO -  13 / 109: fisk
2025-12-13 16:53:15,412 - INFO -  14 / 109: cauchy
2025-12-13 16:53:15,424 - INFO -  15 / 109: chi
2025-12-13 16:53:15,457 - INFO -  16 / 109: chi2
2025-12-13 16:53:15,532 - INFO -  17 / 109: cosine
2025-12-13 16:53:15,561 - INFO -  18 / 109: dgamma
2025-12-13 16:53:15,591 - INFO -  19 / 109: dpareto_lognorm
2025-12-13 16:53:16,035 - INFO -  20 / 109: dweibull
2025-12-13 16:53:16,147 - INFO -  21 / 109: expon
2025-12-13 16:53:16,147 - INFO -  22 / 109: exponnorm
2025-12-13 16:53:16,197 - INFO -  23 / 109: exponweib
2025-12-13 16:53:16,457 - INFO -  24 / 109: exponpow
2025-12-13 16:53:16,643 - INFO -  25 / 109: fatiguelife
2025-12-13 16:53:16,672 - INFO -  26 / 109: foldcauchy
2025-12-13 16:53:16,701 - INFO -  27 / 109: f
2025-12-13 16:53:16,811 - INFO -  28 / 109: foldnorm
2025-12-13 16:53:16,842 - INFO -  29 / 109: weibull_min
2025-12-13 16:53:16,882 - INFO -  30 / 109: truncweibull_min
2025-12-13 16:53:17,074 - INFO -  31 / 109: weibull_max
2025-12-13 16:53:17,174 - INFO -  32 / 109: genlogistic
2025-12-13 16:53:17,252 - INFO -  33 / 109: genpareto
2025-12-13 16:53:17,298 - INFO -  34 / 109: genexpon
2025-12-13 16:53:17,434 - INFO -  35 / 109: genextreme
2025-12-13 16:53:17,514 - INFO -  36 / 109: gamma
2025-12-13 16:53:17,539 - INFO -  37 / 109: erlang
2025-12-13 16:53:17,614 - INFO -  38 / 109: gengamma
2025-12-13 16:53:17,840 - INFO -  39 / 109: genhalflogistic
2025-12-13 16:53:17,904 - INFO -  40 / 109: genhyperbolic
2025-12-13 16:53:20,935 - INFO -  41 / 109: gompertz
2025-12-13 16:53:20,998 - INFO -  42 / 109: gumbel_r
2025-12-13 16:53:21,000 - INFO -  43 / 109: gumbel_l
2025-12-13 16:53:21,001 - INFO -  44 / 109: halfcauchy
2025-12-13 16:53:21,002 - INFO -  45 / 109: halflogistic
2025-12-13 16:53:21,003 - INFO -  46 / 109: halfnorm
2025-12-13 16:53:21,004 - INFO -  47 / 109: hypsecant
2025-12-13 16:53:21,010 - INFO -  48 / 109: gausshyper
2025-12-13 16:53:21,440 - INFO -  49 / 109: invgamma
2025-12-13 16:53:21,462 - INFO -  50 / 109: invgauss
2025-12-13 16:53:21,484 - INFO -  51 / 109: geninvgauss
2025-12-13 16:53:23,535 - INFO -  52 / 109: norminvgauss
2025-12-13 16:53:23,696 - INFO -  53 / 109: invweibull
2025-12-13 16:53:23,772 - INFO -  54 / 109: jf_skew_t
2025-12-13 16:53:23,996 - INFO -  55 / 109: johnsonsb
2025-12-13 16:53:24,196 - INFO -  56 / 109: johnsonsu
2025-12-13 16:53:24,275 - INFO -  57 / 109: landau
2025-12-13 16:53:24,284 - INFO -  58 / 109: laplace
2025-12-13 16:53:24,284 - INFO -  59 / 109: laplace_asymmetric
2025-12-13 16:53:24,296 - INFO -  60 / 109: levy
2025-12-13 16:53:24,308 - INFO -  61 / 109: levy_l
2025-12-13 16:53:24,317 - INFO -  62 / 109: logistic
2025-12-13 16:53:24,319 - INFO -  63 / 109: loggamma
2025-12-13 16:53:24,371 - INFO -  64 / 109: loglaplace
2025-12-13 16:53:24,426 - INFO -  65 / 109: lognorm
2025-12-13 16:53:24,493 - INFO -  66 / 109: gibrat
2025-12-13 16:53:24,525 - INFO -  67 / 109: maxwell
2025-12-13 16:53:24,530 - INFO -  68 / 109: mielke
2025-12-13 16:53:24,693 - INFO -  69 / 109: kappa4
2025-12-13 16:53:25,291 - INFO -  70 / 109: kappa3
2025-12-13 16:53:25,380 - INFO -  71 / 109: moyal
2025-12-13 16:53:25,389 - INFO -  72 / 109: nakagami
2025-12-13 16:53:25,451 - INFO -  73 / 109: ncx2
2025-12-13 16:53:25,910 - INFO -  74 / 109: ncf
2025-12-13 16:53:26,787 - INFO -  75 / 109: t
2025-12-13 16:53:26,901 - INFO -  76 / 109: nct
2025-12-13 16:53:27,887 - INFO -  77 / 109: pareto
2025-12-13 16:53:27,890 - INFO -  78 / 109: lomax
2025-12-13 16:53:27,952 - INFO -  79 / 109: pearson3
2025-12-13 16:53:27,998 - INFO -  80 / 109: powerlaw
2025-12-13 16:53:28,050 - INFO -  81 / 109: powerlognorm
2025-12-13 16:53:28,231 - INFO -  82 / 109: powernorm
2025-12-13 16:53:28,376 - INFO -  83 / 109: rdist
2025-12-13 16:53:28,448 - INFO -  84 / 109: rayleigh
2025-12-13 16:53:28,449 - INFO -  85 / 109: loguniform
2025-12-13 16:53:28,480 - INFO -  86 / 109: reciprocal
2025-12-13 16:53:28,511 - INFO -  87 / 109: rice
2025-12-13 16:53:28,586 - INFO -  88 / 109: irwinhall
2025-12-13 16:53:28,586 - INFO -  89 / 109: recipinvgauss
2025-12-13 16:53:29,925 - INFO -  90 / 109: semicircular
2025-12-13 16:53:29,936 - INFO -  91 / 109: skewcauchy
2025-12-13 16:53:29,958 - INFO -  92 / 109: skewnorm
2025-12-13 16:53:30,008 - INFO -  93 / 109: trapezoid
2025-12-13 16:53:30,040 - INFO -  94 / 109: triang
2025-12-13 16:53:30,194 - INFO -  95 / 109: truncexpon
2025-12-13 16:53:30,216 - INFO -  96 / 109: truncnorm
2025-12-13 16:53:30,448 - INFO -  97 / 109: truncpareto
2025-12-13 16:53:30,536 - INFO -  98 / 109: tukeylambda
2025-12-13 16:53:33,452 - INFO -  99 / 109: uniform
2025-12-13 16:53:33,452 - INFO - 100 / 109: vonmises
2025-12-13 16:53:33,453 - INFO - 101 / 109: vonmises_line
2025-12-13 16:53:33,783 - INFO - 102 / 109: wald
2025-12-13 16:53:33,792 - INFO - 103 / 109: wrapcauchy
2025-12-13 16:53:33,837 - INFO - 104 / 109: gennorm
2025-12-13 16:53:33,865 - INFO - 105 / 109: halfgennorm
2025-12-13 16:53:33,989 - INFO - 106 / 109: crystalball
2025-12-13 16:53:34,053 - INFO - 107 / 109: argus
2025-12-13 16:53:34,086 - INFO - 108 / 109: rel_breitwigner
2025-12-13 16:53:34,305 - INFO - Computing local clustering coefficients...
2025-12-13 16:53:34,319 - INFO - Computing global clustering coefficient...
2025-12-13 16:53:34,333 - INFO - Number of Nodes (N): 3197
2025-12-13 16:53:34,334 - INFO - Number of Edges (E): 3249
2025-12-13 16:53:34,334 - INFO - Generating Erdős-Rényi random graph....
2025-12-13 16:53:34,672 - INFO - Random graph nodes: 3197, edges: 3279
